152.347
81.8217
51.3101
195.566
115.754
44.108
313.583
198.939
119.081
81.8779
198.679
76.0221
61.2445
79.55
378.639
101.76
214.716
74.1979
116.937
298.662
106.863
256.195
249.321
307.918
49.4902
46.3075
133.843
91.2737
183.92
301.395
109.156
264.172
280.597
119.641
276.338
94.5204
92.4108
124.831
240.615
100.622
172.018
77.2277
153.686
314.626
82.5017
94.7987
133.437
324.779
71.7431
258.067
129.638
153.454
213.365
359.645
130.835
82.5228
464.197
123.661
193.382
204.918
56.3069
67.1131
88.1605
43.3409
182.358
85.6297
262.55
112.08
127.969
107.783
144.485
56.9457
132.547
305.123
129.91
60.5489
315.113
91.7943
215.782
336.579
133.638
121.399
82.6904
203.827
114.859
115.583
229.99
158.603
86.904
62.5234
94.1136
331.375
109.704
289.309
63.1718
106.209
56.6393
116.694
77.3839
237.633
49.2135
79.8639
212.212
229.314
244.29
83.9679
157.811
58.4246
131.35
59.4729
135.316
101.422
158.745
222.909
150.26
250.82
414.825
163.05
124.567
64.885
78.5833
66.0992
134.435
262.282
85.1345
112.067
82.1831
49.1537
137.374
117.923
51.2183
62.7269
178.659
145.826
123.939
72.8156
106.399
129.275
445.957
79.6761
90.4771
54.6561
45.3597
99.2406
180.497
153.195
113.641
160.703
79.6657
76.017
173.939
131.295
87.005
150.722
191.03
130.684
167.526
63.6379
100.125
49.6463
57.7258
69.0625
212.263
155.517
159.858
219.213
408.501
160.731
349.651
264.274
84.5711
74.6327
55.7302
446.565
273.813
391.663
139.015
73.0954
251.494
93.6755
174.421
98.7239
66.4322
48.625
166.097
189.793
342.319
54.3086
53.3806
101.773
368.91
59.7841
172.468
55.116
311.779
71.2479
98.0717
70.3473
445.484
102.558
113.568
241.197
143.764
295.062
157.278
58.2011
183.624
67.0315
185.125
117.218
171.091
323.303
289.14
100.923
294.647
110.926
118.833
232.529
113.779
64.3676
50.5832
198.738
119.369
115.973
267.309
255.919
210.358
64.3246
42.2659
153.19
169.188
94.7689
216.371
270.684
228.757
74.8351
413.261
193.945
316.017
352.222
121.195
132.501
109.892
87.231
209.761
87.9605
108.914
58.0543
105.027
333.875
137.511
252.072
106.46
43.2686
109.067
172.321
71.1781
142.142
40.0572
79.5224
196.834
178.75
49.2858
98.1304
238.308
57.1784
297.256
72.5746
71.6157
187.682
104.052
468.477
91.9232
389.584
336.514
109.763
61.316
136.883
508.209
99.0598
92.1394
84.4596
159.304
151.483
395.635
211.019
245.218
215.037
277.361
236.076
80.337
97.5698
121.763
68.8047
174.245
128.481
211.764
170.828
251.388
125.782
100.068
166.546
168.895
134.047
284.977
219.485
237.127
98.7833
222.689
94.9985
47.3976
131.486
64.9113
77.6004
233.859
69.3042
61.9799
69.8691
48.7898
148.898
112.894
213.551
245.568
69.1303
430.792
150.515
113.136
215.273
72.9682
93.4733
124.277
89.4046
224.462
94.7929
192.92
64.3773
307.897
112.232
44.6908
45.2624
227.074
185.111
179.74
163.659
114.015
382.203
130.213
208.743
252.292
332.567
219.741
60.5767
144.039
105.399
209.722
329.253
303.426
284.027
191.152
400.856
74.4945
179.871
144.139
241.633
212.811
107.865
124.616
158.254
213.979
147.079
166.376
258.76
103.113
128.277
92.6492
337.195
216.85
63.7666
154.531
102.871
180.075
93.3337
76.0632
70.9439
81.3876
186.752
615.015
146.232
47.1181
84.23
96.8214
256.942
330.317
76.8185
123.988
90.0025
167.738
160.7
64.3029
143.946
83.519
134.316
148.139
69.2162
127.461
47.726
311.851
404.88
214.154
102.116
460.651
177.358
160.823
143.586
209.556
284.523
128.272
86.8183
48.839
364.934
185.714
267.186
178.195
185.164
75.0097
117.07
47.4485
163.098
214.99
70.0189
219.973
104.922
217.432
83.2142
222.989
350.909
71.0467
131.245
62.9475
43.1092
229.591
48.3201
145.026
63.7598
119.33
222.322
61.3777
110.317
253.669
98.6702
74.2771
55.8294
118.639
100.954
77.3212
74.8207
73.5391
131.946
174.137
62.8967
121.247
155.133
315.543
162.214
93.1216
180.299
64.2681
138.301
161.419
101.164
215.54
76.8416
159.217
80.454
50.8448
61.0367
74.5341
137.906
162.67
245.867
325.847
340.697
213.339
172.417
169.581
63.7403
180.049
161.298
133.014
230.162
94.8122
350.68
92.6012
159.651
67.2829
51.6733
158.65
181.76
149.83
160.99
317.809
179.238
52.878
56.4422
320.279
60.4247
307.696
54.9494
97.3621
257.104
231.9
126.524
51.7193
211.923
235.207
303.879
69.4191
372.27
68.3464
300.954
57.0008
223.482
41.9669
278.749
77.9283
383.328
412.191
120.544
65.5386
307.805
330.385
224.257
185.619
90.5256
52.2513
102.665
87.5309
223.67
61.3887
98.5459
89.7714
97.0675
124.577
174.239
103.035
313.743
74.2781
169.873
242.448
135.039
137.532
123.849
216.703
62.7588
57.3857
123.709
118.081
68.8503
156.19
179.765
221.82
91.0956
242.646
147.456
44.338
75.8909
66.6731
156.403
117.214
91.0671
227.637
156.139
95.1793
56.6858
361.3
147.783
110.191
197.614
267.794
99.0603
55.1156
135.541
186.316
425.1
213.539
58.4153
62.2825
64.6504
303.899
105.452
106.677
228.882
101.329
102.085
195.119
266.817
50.3616
111.078
368.256
121.889
338.755
125.198
96.8434
169.826
145.769
117.618
196.834
222.104
391.181
424.755
62.6767
108.725
319.537
129.43
68.8532
74.223
172.76
102.954
350.562
85.7664
188.222
49.6473
73.76
285.1
69.6448
340.402
385.377
232.99
112.689
81.0191
188.822
54.2464
59.5463
198.107
135.739
118.566
288.324
403.368
177.111
262.23
151.145
331.776
47.2714
316.42
101.817
156.441
161.525
169.154
56.9893
106.846
65.683
66.2311
150.979
48.4385
61.4024
327.965
93.6591
70.5775
150.186
395.63
92.9166
103.655
64.6269
185.156
89.4715
92.8064
216.542
109.675
76.4351
132.138
538.798
103.317
240.223
82.5556
150.61
189.038
84.2551
193.645
122.179
144.35
227.585
383.116
209.249
189.854
125.261
183.37
88.9222
57.884
349.363
213.136
135.838
91.5427
64.9885
157.576
53.8829
105.189
120.001
133.876
68.8728
89.2169
161.899
154.884
121.275
48.8242
96.1073
200.116
103.356
460.664
172.414
56.0872
121.499
105.956
125.164
179.139
197.29
98.33
100.588
66.1132
50.4516
109.905
165.901
213.157
46.6523
53.2491
180.635
254.714
188.427
126.43
100.082
320.513
65.5405
411.25
57.1761
251.307
174.033
176.003
269.63
161.586
256.814
77.7948
71.7551
156.638
84.1704
90.9638
125.347
256.361
69.9959
83.8143
173.414
180.962
156.101
433.811
95.7207
289.924
209.224
148.416
282.769
106.074
117.569
143.319
98.4457
62.6092
79.8444
61.7149
117.035
217.01
118.112
84.8808
60.3481
209.53
55.2084
118.976
275.462
138.313
183.611
122.268
437.971
83.5892
179.461
77.302
94.1374
68.8495
135.119
291.711
159.695
332.569
99.0254
102.837
104.37
131.545
277.052
341.242
283.461
104.185
275.782
117.5
96.9902
435.505
127.361
257.842
327.449
231.619
260.822
88.735
222.36
303.15
175.414
134.632
255.427
106.574
217.709
44.2753
177.864
83.6336
54.5189
109.98
58.3463
88.2152
206.755
56.4497
135.074
279.666
176.718
120.148
50.7348
102.431
85.1772
81.1177
50.8131
145.059
287.502
181.077
136.433
257.347
119.68
337.094
272.941
91.2571
85.8515
63.7247
102.854
151.946
49.5386
99.5561
284.052
92.0814
89.1178
110.607
91.8535
409.366
223.776
182.413
130.441
92.475
109.32
248.417
64.5554
71.0599
260.495
94.7269
202.859
57.5119
105.95
116.929
192.193
128.566
94.9142
169.028
209.28
142.206
77.4282
94.2413
290.968
413.851
195.967
196.286
72.222
347.818
52.6695
362.03
229.11
75.5631
199.445
111.154
106.741
101.964
83.6553
354.503
90.4975
177
189.584
149.128
327.153
66.2505
68.2629
457.905
87.5331
111.242
295.584
68.3349
210.223
133.437
139.615
55.7874
252.048
99.523
140.037
78.798
216.001
337.254
117.721
339.457
462.416
92.6227
323.43
247.26
92.2795
71.8589
85.5904
226.198
57.9947
120.957
152.57
207.617
98.8393
309.9
72.1645
180.787
256.026
377.915
128.17
111.898
221.79
464.424
89.2897
56.6735
106.505
64.1432
62.6477
116.917
96.2027
90.7669
55.8156
429.678
176.532
287.636
134.375
199.778
55.6414
72.2036
126.059
90.5314
297.252
112.988
100.915
196.21
125.323
59.3861
90.3398
163.02
86.3667
103.363
39.7352
284.91
104.106
133.351
111.104
60.1498
184.403
49.6353
378.982
133.887
443.188
61.7341
287.244
54.4923
223.801
241.904
369.476
228.022
77.8606
167.873
125.973
84.4327
323.646
133.726
432.751
155.076
184.455
41.141
249.638
53.1131
161.342
55.0831
94.5888
78.6633
136.487
199.89
43.8052
154.033
99.9801
222.653
163.33
117.705
48.3495
69.6158
90.7858
211.776
137.473
265.044
58.3795
65.2359
181.285
190.775
154.392
150.162
329.757
170.441
273.499
57.1913
54.6015
131.372
473.642
60.5568
48.9516
147.768
158.391
131.34
269.052
174.062
127.268
49.9902
139.878
148.426
49.7
193.698
90.9243
267.639
223.446
175.428
126.186
213.395
152.833
84.5178
78.6894
127.057
96.139
75.8924
229.426
259.544
338.643
302.948
142.647
106.308
155.831
55.6074
176.732
96.81
123.811
199.925
182.02
64.722
237.51
109.828
53.6913
186.739
105.038
121.651
226.239
195.955
55.6876
107.738
204.785
76.1741
199.417
59.4542
142.241
226.823
41.1287
136.645
82.7153
150.971
149.186
91.3428
59.5888
219.653
235.767
245.614
121.544
116.074
226.425
386.738
150.277
317.825
75.4312
69.6795
198.295
289.357
102.452
253.507
102.698
211.146
185.723
45.8772
319.991
220.603
110.472
99.3467
124.146
141.715
67.5173
376.383
118.197
167.546
275.219
93.3025
264.481
219.944
112.885
226.843
318.93
172.352
145.76
221.115
88.4983
208.719
106.901
127.078
326.389
116.919
282.762
88.4322
140.975
60.9245
127.281
174.236
70.5995
192.962
104.889
189.581
150.417
153.485
94.7581
104.742
69.0314
204.786
61.8607
177.487
50.4741
51.1978
187.369
159.585
165.707
221.037
84.0993
204.307
114.314
162.577
57.0377
214.37
52.2422
143.137
174.538
139.482
79.2236
71.7481
72.1758
122.78
211.111
54.5513
99.447
54.2828
101.01
82.7554
147.148
112.73
78.7876
106.442
160.232
130.253
223.047
278.345
145.585
257.366
191.829
206.043
205.9
353.426
119.162
101.768
124.381
91.0439
89.8195
151.008
87.9565
83.3721
92.361
140.402
338.525
106.897
210.474
184.319
48.3713
131.912
102.066
143.875
141.673
192.459
192.74
354.75
81.5029
155.196
259.545
115.126
51.331
150.425
303.38
482.404
230.15
145.734
360.121
134.836
95.1835
48.6187
141.831
273.973
118.304
64.0959
77.9712
90.2782
404.597
110.694
191.921
157.749
95.5831
62.8202
310.389
124.694
196.334
204.556
196.05
160.785
146.161
280.715
139.798
263.853
105.914
211.665
94.6845
212.224
89.9497
384.439
58.4642
181.534
213.677
200.383
335.544
80.4532
139.159
113.274
72.4534
42.7018
161.405
92.7415
237.65
88.8484
216.666
90.7988
108.924
181.262
139.64
93.5094
145.927
80.0305
142.798
106.978
173.99
51.0306
145.123
117.082
213.216
191.758
490.379
145.131
157.929
94.9276
287.1
188.949
150.019
201.417
70.1462
258.498
236.105
101.845
131.564
172.076
183.644
72.1117
116.603
62.2182
209.897
128.825
102.247
188.686
229.158
136.58
99.1468
219.861
179.044
388.048
195.372
53.9459
74.7035
117.577
239.936
61.0401
94.1284
131.913
104.312
256.698
162.172
74.043
165.508
59.4609
192.541
384.028
57.6918
156.035
119.106
225.849
75.7559
101.928
106.059
334.467
539.695
216.612
298.944
184.685
239.993
192.048
255.128
45.7075
159.358
320.899
227.087
61.4614
282.398
181.679
142.204
177.225
70.34
80.7217
43.0887
82.5766
106.35
167.958
59.9967
269.539
150.209
488.116
44.9191
409.96
102.905
158.521
56.7213
169.266
255.241
49.3214
249.084
92.75
362.462
146.295
116.548
63.3531
114.947
247.013
223.631
119.439
301.789
292.834
186.843
158.39
44.3944
54.028
113.308
353.888
89.7135
278.578
259.818
356.491
199.438
381.788
155.453
88.1811
317.974
176.264
146.384
143.774
47.7074
110.318
82.1153
148.624
185.408
57.6291
64.4417
73.8534
287.516
106.621
86.6026
369.573
58.4981
140.606
172.259
199.634
252.311
72.3284
176.573
175.576
315.941
110.282
66.7071
225.563
152.679
219.083
97.3346
104.255
81.098
96.6671
83.4519
260.788
105.214
117.794
163.465
152.309
124.238
138.45
165.93
64.761
46.3345
132.242
145.559
213.456
53.5523
108.038
64.9993
106.987
279.907
95.3589
152.951
162.022
145.475
285.515
142.483
77.7436
93.0931
192.157
82.7225
71.4434
44.6499
150.539
206.818
282.678
99.4215
119.998
83.9373
139.924
174.392
83.3204
167.615
128.148
218.369
114.15
94.1561
199.845
69.9549
400.885
117.686
309.019
214.207
113.055
272.333
181.115
112.019
112.457
175.964
95.1463
47.5382
268.467
164.439
122.425
293.926
68.2583
158.871
97.7562
285.454
193.08
78.8007
174.128
96.5598
200.498
126.381
86.4455
65.0574
393.374
120.053
84.3321
171.438
87.8498
54.9705
176.929
122.207
215.811
209.809
258.262
92.0317
273.624
87.2148
72.0751
65.5037
68.3725
255.261
162.191
154.577
49.3288
150.309
285.699
206.44
47.9697
94.7945
190.806
133.671
191.609
207.473
111.627
77.8839
94.319
255.322
137.192
70.4911
287.96
156.758
205.001
70.9113
91.8678
106.991
109.546
143.344
279.185
151.772
70.9447
151.617
98.407
68.3737
71.9288
310.18
76.5403
137.304
215.297
96.2559
81.968
222.861
96.4828
60.2986
220.787
299.199
38.9389
124.528
296.748
96.9075
156.003
156.515
350.611
86.0318
112.397
95.8914
265.826
80.1189
158.958
202.332
95.5242
105.98
47.1404
101.008
169.898
274.576
74.7082
91.6204
263.371
210.573
179.044
241.206
292.461
130.24
206.525
99.5835
301.777
161.107
74.6565
76.4717
219.158
178.896
329.771
100.967
107.286
154.927
383.098
104.562
229.827
62.3568
207.249
157.495
119.907
193.855
132.657
48.227
321.217
63.9095
104.46
204.762
82.3134
120.345
247.086
100.679
86.3793
60.5214
292.41
119.94
241.409
253.424
116.79
48.9119
222.93
275.174
61.2176
93.8767
267.492
99.71
163.092
202.506
163.14
133.54
172.225
328.236
152.61
70.4977
438.21
88.0414
321.281
322.321
166.145
229.17
227.057
158.823
117.274
324.778
289.119
103.512
138.676
286.644
243.528
53.5646
124.065
63.5648
110.977
71.4208
95.5301
92.1556
55.5815
60.3059
83.3184
221.987
269.548
146.094
532.266
228.669
134.004
75.41
206.883
206.99
70.1204
99.6719
71.6309
110.222
280.762
124.578
399.979
55.5908
272.349
129.749
144.894
98.8027
323.651
236.973
128.284
60.6699
196.144
107.358
73.6556
72.7078
98.6704
55.033
289.132
412.198
108.342
95.1232
182.682
69.5076
97.2577
89.0013
274.782
64.0234
94.8091
112.885
191.569
378.873
225.034
288.543
191.699
161.521
364.949
323.83
286.804
251.747
88.4242
232.657
137.26
60.9446
343.663
58.0618
54.5968
94.6441
254.199
171.665
76.1111
158.231
174.504
100.874
310.427
173.189
170.648
147.736
118.977
104.794
164.493
295.837
124.117
255.907
105.046
142.2
165.106
181.167
65.8533
177.065
62.7119
193.633
65.0087
177.618
163.564
292.397
58.3936
216.857
106.494
201.781
240.723
295.135
124.841
124.323
223.244
148.027
101.98
142.025
70.7644
91.9566
78.9687
124.212
246.067
248.661
54.3138
95.4748
207.704
242.71
154.6
192.837
205.723
181.143
94.7447
111.117
241.86
67.2196
130.001
158.145
387.178
54.707
205.258
53.7303
262.134
106.322
542.447
243.97
96.0131
240.905
334.22
168.868
322.534
39.9261
273.998
102.357
62.0916
181.029
244.976
163.827
181.837
228.522
53.0583
273.346
86.6023
169.063
53.0738
204.145
62.9234
183.722
71.5399
48.4999
157.267
59.7555
99.9823
103.73
54.5312
105.647
74.3516
226.26
81.8429
55.2267
94.4392
47.0361
161.965
112.896
106.899
55.0171
97.8538
104.098
71.7626
118.126
96.6937
63.2118
113.742
186.521
292.534
268.433
296.087
292.126
46.6731
203.136
316.035
62.3854
355.141
81.1181
213.56
129.246
143.303
131.064
106.533
226.43
98.6243
204.944
391.71
131.311
438.021
189.43
78.2327
330.294
236.289
153.551
201.829
115.751
56.7414
88.9021
225.378
71.099
55.4853
106.019
194.376
146.395
64.8006
126.522
177.613
111.902
88.3951
137.975
163.499
193.179
190.194
91.9959
108.519
110.439
228.289
327.182
223.884
100.298
95.1001
98.6301
41.2938
146.467
125.817
67.3983
229.002
187.126
470.291
64.5254
80.296
181.591
196.748
93.3812
78.3665
183.665
135.78
99.832
215.85
78.0588
83.1899
485.794
373.679
91.7249
49.093
184.11
58.435
238.914
79.4368
142.596
307.953
114.86
99.2601
255.727
237.786
99.7843
182.921
54.6052
55.5947
112.051
121.609
52.6502
164.123
153.289
211.168
92.5431
73.7072
389.462
94.0672
251.243
91.2079
82.5222
476.993
162.929
95.0495
121.337
100.189
258.063
72.2917
204.998
279.498
186.259
146.741
113.749
260.673
95.8974
239.169
233.5
180.461
113.633
141.451
98.6438
166.108
231.274
206.797
453.172
272.086
312.081
228.214
54.643
97.6521
344.78
305.133
110.325
70.4488
47.1705
111.822
395.712
236.533
365.416
227.277
225.905
161.464
84.1155
94.702
64.7347
270.973
62.8296
205.398
190.134
433.362
340.341
124.589
97.0588
63.2308
218.42
138.944
161.835
138.698
297.674
53.4506
172.21
70.1342
45.4515
169.556
333.495
209.8
143.058
52.1611
185.966
69.0769
333.286
201.099
227.718
177.084
119.887
78.3949
55.8583
250.553
79.62
73.7153
366.149
92.7461
142.892
201.816
127.282
84.7685
54.669
203.012
91.4352
304.344
534.261
63.8173
77.6988
194.548
252.217
89.9913
94.9218
251.01
67.1379
473.489
307.455
357.596
319.628
61.7869
70.09
229.697
238.072
63.9939
154.214
287.015
222.468
592.087
67.6059
124.68
190.718
163.902
187.481
137.446
214.787
90.2991
112.895
191.109
54.3957
52.9943
121.505
426.726
84.5652
117.285
346.173
249.987
348.496
246.979
177.678
66.273
216.941
299.201
375.508
106.894
318.471
56.1286
72.8681
116.366
144.938
124.756
96.7104
262.062
146.038
56.6596
341.837
136.361
213.607
139.33
64.8341
158.937
115.273
326.967
188.25
134.699
278.806
117.774
113.211
115.027
53.8534
192.733
76.9372
56.9593
240.901
101.297
79.3941
149.127
141.173
57.3282
218.433
96.5123
217.363
191.517
130.763
329.823
154.796
190.346
135.559
77.6386
89.1712
114.23
343.688
135.682
51.0232
251.083
64.7155
64.7276
191.461
87.411
49.9837
526.409
69.9071
101.06
247.806
91.8198
56.9956
163.908
65.6504
79.7652
229.573
82.7805
54.5408
281.8
110.165
62.7499
48.8338
43.0871
79.4497
59.0164
233.312
94.5228
117.207
223.953
230.377
139.726
135.177
269.85
246.391
64.1698
168.05
175.785
50.173
230.958
92.2894
307.991
164.581
271.046
66.1843
54.8715
200.984
107.681
126.594
169.28
84.2011
305.456
67.4842
160.929
182.691
85.03
109.825
126.221
109.861
174.924
216.611
179.832
113.24
69.2708
130.82
284.414
86.6128
72.7803
158.693
121.653
63.695
89.6425
213.567
122.849
86.923
46.3692
55.9233
93.8839
55.373
297.437
69.7022
99.7279
74.9024
97.6666
173.123
112.202
101.622
89.1101
150.934
43.452
63.1727
94.368
63.5824
203.587
307.211
201.085
44.7719
107.607
186.09
206.302
178.125
225.289
457.993
245.016
115.919
192.531
225.4
130.031
219.795
145.881
179.182
140.722
419.235
243.231
61.0367
141.877
67.4204
151.809
184.624
106.259
92.1138
315.067
164.016
170.591
176.021
101.726
181.725
99.9515
439.097
102.451
250.454
188.852
249.996
103.4
165.921
78.6643
68.2484
57.9906
97.2774
96.2089
155.592
313.614
235.365
73.2021
64.3781
188.677
99.2198
373.235
71.0468
350.258
166.142
86.6378
224.944
176.638
55.4115
117.423
241.916
477.673
554.976
155.7
207.855
89.0391
347.101
201.522
115.439
115.904
168.966
221.209
185.583
97.5849
158.585
100.526
116.743
63.4653
111.579
59.2198
173.425
142.047
93.5527
84.276
169.541
57.0294
187.81
141.291
107.186
115.31
88.0204
67.0494
137.199
282.531
149.891
85.6439
97.1655
188.625
90.2013
176.107
228.626
108.744
356.873
96.3505
269.054
197.152
52.7013
155.027
70.0562
292.134
214.597
82.7465
93.9245
213.14
65.7764
118.759
62.9708
114.41
207.72
133.417
115.85
125.893
154.381
41.6494
77.5972
238.907
269.402
135.586
120.01
118.611
66.7936
198.751
250.586
153.503
52.5585
203.339
102.376
42.3375
155.527
486.309
107.562
77.8517
103.349
254.286
70.1134
91.8341
117.262
92.0406
117.928
316.574
98.3352
192.956
210.872
185.155
148.622
222.957
295.691
181.342
99.7724
210.137
194.505
295.536
177.375
120.66
164.702
88.7438
62.8804
126.094
88.7478
126.356
189.945
126.722
479.484
214.796
208.6
201.19
207.937
215.483
179.235
251.563
178.764
190.882
58.5057
61.9696
223.439
342.177
183.004
72.6175
109.731
196.601
174.825
218.25
46.3488
316.719
68.0747
105
295.915
68.2763
125.954
120.675
427.345
72.2443
202.464
199.417
265.096
126.471
119.675
312.813
120.761
407.614
188.346
129.029
61.057
272.346
56.183
399.76
341.269
129.052
95.6905
47.4613
138.561
226.478
298.08
114.373
70.7858
279.271
90.6209
135.624
253.233
59.1261
198.491
320.332
168.042
158.149
97.4051
119.573
491.275
54.7812
137.189
118.156
168.785
69.1604
100.608
190.896
226.876
258.618
259.072
139.9
139.837
155.892
88.6637
235.613
111.587
207.604
393.77
128.576
159.07
137.033
144.764
262.64
175.694
232.25
145.314
78.1643
129.55
273.692
121.757
267.613
94.0794
73.5245
216.183
58.8494
122.681
217.232
141.75
89.1126
275.149
446.038
67.0175
60.9253
266.457
49.022
60.5043
134.99
55.7232
180.719
57.4315
90.0368
396.072
178.034
193.831
172.002
219.185
126.532
299.476
298.195
138.545
245.34
86.3438
206.282
349.878
229.2
235.876
60.4586
113.897
153.684
69.635
86.7452
97.5163
166.588
110.755
62.7858
186.679
53.3449
181.68
120.447
135.996
53.114
330.207
116.626
135.34
92.5468
70.8976
149.886
123.181
128.635
88.7191
159.581
62.2239
189.476
282.344
105.739
75.1519
90.1754
192.154
218.1
83.2393
47.5727
56.1469
227.873
54.1979
195.701
196.426
272.02
504.254
207.36
378.291
74.9023
116.637
60.8604
263.417
99.2581
100.266
217.778
53.0012
51.2526
205.103
113.188
387.532
66.6933
87.0583
138.211
123.66
92.6031
105.784
86.1129
158.295
55.6978
59.1694
99.9145
122.192
118.045
95.9247
80.1204
67.626
181.996
194.013
520.063
264.517
91.2846
178.192
81.1433
96.729
140.548
158.086
227.429
270.349
353.942
114.524
89.0683
100.072
142.484
279.112
187.688
368.572
47.4787
174.404
75.718
124.521
312.396
62.6322
79.315
62.8574
191.287
97.6001
192.838
90.169
196.325
64.0105
67.084
246.202
84.5838
89.5065
108.714
252.056
245.396
95.0093
58.9928
233.332
72.746
80.8768
129.452
205.074
129.925
217.073
199.547
179.021
110.882
69.1515
59.2634
285.128
216.636
48.6763
224.928
208.385
42.1415
83.6092
132.718
395.524
82.7367
72.0996
69.4483
45.6834
110.22
318.755
98.001
91.6432
144.375
357.671
471.197
329.241
69.2145
124.388
144.386
101.106
197.487
200.994
142.516
94.5841
58.2072
241.884
62.3474
72.7506
388.368
113.404
220.774
149.223
560.226
191.122
182.489
112.072
206.787
98.0508
90.3877
232.153
91.8972
195.446
298.689
119.974
58.6203
148.985
134.212
87.1816
95.6236
221.959
48.0346
115.468
83.2112
234.326
348.857
94.4199
268.602
95.3137
240.053
162.11
192.039
72.401
107.045
95.4798
203.556
91.3773
222.926
116.353
83.8845
191.294
82.4934
98.3792
105.997
72.5315
89.4875
292.427
152.15
90.8136
170.602
69.6892
166.109
106.32
306.672
107.487
214.156
282.296
198.81
44.4014
265.62
58.0877
90.7669
184.771
117.26
247.328
56.8662
200.504
70.9657
119.497
45.7203
76.6414
302.033
57.7057
47.834
74.7637
140.182
147.693
208.761
101.622
157.412
482.085
159.602
337.188
257.472
159.326
175.799
533.937
73.91
86.0147
194.468
96.3968
211.732
109.624
293.365
272.845
91.9088
268.534
102.492
119.122
197.078
120.357
270.029
226.776
183.35
304.947
43.3812
65.3617
235.298
376.398
286.518
118.508
49.598
221.256
89.285
206.633
487.457
90.3358
56.4583
63.5398
194.856
160.368
92.386
82.8664
170.725
91.5492
110.182
193.944
61.8188
238.489
106.472
269.856
325.706
72.0754
57.1371
98.2683
456.202
445.001
133.348
105.084
261.705
123.976
126.785
99.6631
93.6073
49.1256
127.604
227.853
157.373
253.453
101.119
104.143
97.4258
68.2329
106.113
131.422
74.8908
159.719
137.294
332.568
222.002
89.4438
96.535
90.666
118.31
64.5375
336.55
131.499
155.089
154.986
182.415
146.648
131.126
293.367
167.98
95.4251
97.7037
141.649
135.914
186.576
151.791
50.0606
142.964
176.542
54.8423
63.3615
207.003
113.491
104.325
68.7744
244.521
433.201
119.227
194.737
152.273
179.017
154.374
126.055
72.053
260.162
281.994
365.517
283.203
160.615
75.4678
118.079
406.012
85.7018
92.7613
104.894
280.141
243.041
171.025
130.875
192.158
404.582
373.06
136.936
376.631
93.5221
268.129
147.979
53.6638
546.684
126.117
131.17
61.7091
207.449
285.735
172.937
342.459
192.535
257.904
155.23
216.584
210.982
146.947
166.1
636.974
87.2614
127.451
175.645
401.237
70.7761
330.88
173.255
344.223
113.947
65.3673
105.664
270.596
198.158
118.196
155.074
393.869
399.186
93.4971
115.549
119.774
238.637
177.782
61.9925
360.197
222.203
96.9704
366.601
140.046
109.35
88.3902
418.955
188.241
210.818
112.501
147.022
132.951
260.013
85.5402
101.778
342.981
64.4633
42.6798
176.914
296.736
50.1008
203.205
157.004
121.255
99.1504
70.4972
79.2702
263.539
127.022
63.4034
142.442
63.5412
204.174
114.456
102.718
329.55
103.838
213.641
178.283
274.384
61.9804
71.5285
144.137
58.5763
105.849
103.782
108.687
100.594
211.58
54.1587
299.347
204.532
372.167
58.6547
417.572
221.48
130.41
101.669
80.9173
256.518
60.1933
99.2365
335.456
172.135
66.7328
393.127
121.786
101.461
154.645
148.024
187.735
64.4456
121.259
94.1107
158.291
68.7974
83.4654
65.5337
341.452
122.779
93.394
214.119
276.295
203.519
314.447
67.8775
73.1572
58.7191
52.3691
62.7375
167.322
55.4692
101.316
219.026
85.6915
42.4723
53.8581
132.355
139.414
285.69
72.2395
85.4688
98.8938
151.034
99.6228
126.169
216.776
254.546
120.561
103.716
274.86
59.6167
97.9016
84.4811
91.6721
271.899
120.289
282.092
88.3541
227.109
358.107
79.7677
208.956
188.405
94.2056
305.329
121.054
49.7785
249.426
56.8091
62.8291
233.402
126.527
114.089
159.308
108.425
222.846
114.458
155.672
83.7628
85.4864
178.73
105.15
307.987
60.7828
129.952
134.42
124.323
243.384
106.905
79.7674
80.4441
163.587
178.155
78.8127
157.269
69.3236
183.973
51.9023
119.849
293.362
166.818
353.372
190.404
120.525
254.65
144.736
360.338
94.4726
83.3334
56.6437
96.4782
181.657
91.234
212.24
314.45
133.943
452.581
148.075
75.4964
220.958
69.8559
123.72
72.8083
53.935
50.0636
225.247
137.496
212.129
200.128
267.281
298.168
77.3442
91.7915
174.729
1023.46
53.577
182.418
173.164
97.622
228.34
200.223
56.583
72.5589
92.2193
137.312
424.718
53.8864
437.846
127.955
273.17
57.0964
334.369
197.829
158.212
166.144
99.6581
339.733
108.016
117.085
48.9194
330.162
199.473
67.4694
47.1825
100.505
131.236
431.343
54.4176
73.5951
137.766
96.5592
158.65
151.297
86.0602
307.069
159.299
86.4699
220.205
363.035
43.6735
313.638
135.027
60.5
162.223
216.633
79.6675
119.305
267.447
55.9336
320.738
313.14
90.0825
90.0255
149.734
152.652
81.707
383.655
50.0553
121.045
59.6095
117.299
399.194
103.741
45.6971
121.155
93.6643
173.774
119.234
65.0398
67.7847
73.3446
105.907
243.012
123.678
201.826
107.302
247.461
230.293
283.528
76.811
326.881
344.657
412.916
116.454
190.916
140.245
61.3893
91.7487
66.8801
173.929
211.937
212.032
77.9371
58.7042
174.311
109.651
73.6871
345.07
264.244
64.602
135.903
88.6819
142.726
63.0361
234.723
126.52
244.56
88.4792
110.869
103.977
133.132
94.9526
153.538
94.3113
269.243
286.195
207.269
61.0764
71.3364
172.077
102.519
214.228
104.248
224.068
215.039
109.293
48.5194
82.8196
117.794
49.1293
148.698
227.318
302.419
209.933
140.761
139.3
73.4035
356.698
118.735
91.7113
106.708
89.7849
64.2715
249.148
62.3974
144.885
204.786
274.359
157.526
177.775
68.4403
171.302
89.2545
88.1454
107.517
172.959
216.375
60.6074
208.989
152.782
163.865
488.692
212.701
61.9106
64.5632
56.179
149.392
196.061
70.7022
143.091
196.751
61.6369
298.397
50.5503
138.376
368.606
77.8863
129.823
89.6643
230.068
68.8995
206.774
563.753
94.1126
160.214
411.1
44.1868
120.116
111.361
216.007
98.3723
156.205
272.846
86.6695
98.1779
215.021
273.892
188.901
99.5537
169.83
155.662
261.342
202.439
310.01
102.119
296.526
50.1162
129.518
320.313
115.476
172.585
275.849
161.812
47.9949
231.97
341.188
272.672
238.551
100.035
191.931
276.523
122.963
51.1616
53.8098
146.109
238.162
113.356
291.771
57.0558
288.626
175.609
117.145
163.14
233.227
82.7032
230.139
157.672
99.4293
156.51
134.419
52.5627
60.0921
115.039
255.164
95.831
90.5466
105.349
99.6556
116.546
224.761
160.438
113.705
116.904
103.508
288.481
117.7
338.288
53.7329
271.764
124.272
74.3133
193.268
55.9727
269.879
143.104
160.656
73.9724
190.099
259.027
174.152
182.881
41.7723
323.011
338.224
101.811
314.396
224.534
301.221
108.441
119.722
154.684
250.712
104.197
135.811
75.6638
166.335
177.049
113.189
181.455
152.846
332.536
266.736
212.382
129.606
90.3079
223.791
108.622
248.437
71.6176
130.084
148.189
91.1095
145.423
116.939
303.346
123.27
173.705
43.8326
54.7643
73.3874
46.6046
201.304
177.56
95.3104
117.099
148.042
118.352
166.874
139.065
145.3
203.565
197.747
131.184
77.5007
92.1605
88.4256
82.684
85.0152
178.955
187.51
124.829
174.555
94.9451
157.925
172.192
316.182
265.283
58.4762
174.137
322.45
191.989
56.4201
129.601
104.753
146.396
399.542
206.461
162.574
543.05
377.311
79.4882
268.147
48.5183
233.048
259.228
120.328
97.2844
147.987
189.722
81.8847
218.672
293.477
87.8333
44.3069
107.387
140.403
238.099
86.4906
146.384
405.041
159.617
233.44
113.399
193.187
196.772
327.792
100.871
245.651
135.694
140.111
230.333
324.303
73.9083
438.254
366.627
214.119
203.637
310.393
92.7683
116.787
245.864
398.279
198.898
99.9829
326.976
179.385
132.186
59.899
97.0121
179.984
65.2329
85.0491
119.126
93.485
47.793
58.1081
260.931
178.487
200.377
62.2585
274.336
62.422
126.392
219.453
46.591
187.819
100.371
129.467
155.12
85.3979
141.182
205.788
196.64
46.5119
171.038
280.025
65.5048
66.7672
65.4944
89.1469
162.231
96.4344
187.525
98.3419
251.827
112.681
70.0067
78.2234
249.13
57.3699
64.2854
378.651
111.872
66.6151
145.247
104.901
127.444
63.4775
49.5762
61.6692
98.1337
55.8341
133.305
74.0133
219.496
105.882
102.79
449.209
423.741
67.4174
230.356
144.393
52.8703
70.4382
283.042
169.411
70.5807
96.2308
216.985
351.682
106.295
94.0964
118.731
180.129
112.589
217.359
87.1246
141.726
251.821
196.794
348.442
294.184
420.919
229.498
193.479
168.542
109.097
320.883
142.856
219.579
261.834
128.508
143.88
135.96
128.545
274.551
97.9103
57.0886
259.282
148.918
188.781
52.4944
57.9685
54.6318
340.706
90.5008
190.057
255.022
102.349
62.2179
178.479
160.908
228.438
243.698
146.202
134.802
197.967
122.225
67.8577
164.968
70.0404
127.584
125.164
234.207
205.552
173.931
192.08
269.74
50.1949
243.39
225.068
150.575
114.197
198.26
58.8251
94.0173
122.53
244.819
83.2481
243.439
243.526
128.448
178.066
90.7924
65.3206
85.5107
110.572
326.205
115.13
313.31
103.837
64.0496
133.809
387.462
110.464
60.0334
212.354
83.8463
339.164
311.721
321.062
373.444
90.1224
134.879
255.723
428.729
279.671
153.827
144.88
141.442
98.8652
156.697
86.1103
158.633
94.9565
60.9983
213.672
64.6529
381.514
97.2327
93.3617
120.043
58.6912
197.725
323.751
53.1623
66.7876
109.793
305.612
285.948
67.7664
220.083
239.729
233.166
79.7899
223.888
199.892
62.263
57.212
370.239
199.36
51.3163
68.0206
239.485
282.99
50.1336
156.418
124.385
78.029
237.994
85.9664
56.1827
75.095
142.527
75.7723
272.139
76.8005
228.013
85.8323
51.0738
86.177
253.514
86.3635
131.694
99.3154
91.4195
60.3542
73.3385
146.009
175.409
71.3976
53.6981
339.145
79.1365
111.482
254.341
96.6901
105.321
72.5561
68.2942
227.724
81.8981
104.696
297.134
44.9216
97.6416
117.002
115.231
112.084
105.71
105.948
298.566
235.711
56.4353
131.138
104.624
210.837
86.5263
85.4036
69.2238
55.3666
128.549
322.185
101.981
119.004
352.516
224.895
119.691
278.851
415.294
171.738
132.012
497.216
83.9685
272.102
263.256
140.259
349.442
283.102
98.2339
172.126
63.8907
195.679
252.865
57.3683
89.0867
231.131
74.5857
54.0904
90.4689
127.936
123.596
62.5583
386.634
78.0195
70.7382
287.216
292.251
55.8758
75.7267
239.521
93.7556
65.6467
313.864
90.4425
161.228
115.571
96.2238
275.177
96.7465
108.661
149.722
78.3017
46.1562
226.4
84.7878
104.089
164.652
47.9243
226.686
130.448
206.096
315.155
62.8055
54.2648
91.7269
163.757
220.378
170.371
392.948
129.823
246.794
86.218
201.625
145.2
55.3644
186.179
129.09
183.46
99.341
203.688
237.503
76.3559
107.741
69.1131
132.424
266.177
103.818
197.824
84.5003
154.147
112.216
405.228
149.36
106.964
125.187
92.5314
219.878
88.6205
57.7925
66.0533
110.134
131.431
283.015
400.719
77.0188
62.5804
81.5858
82.8036
48.8585
97.3847
71.7933
356.878
108.855
117.711
84.6857
47.0683
51.6795
75.5186
247.382
61.1615
195.925
74.5597
315.754
306.677
144.036
153.697
443.084
75.8167
189.26
128.064
57.0133
180.456
123.237
82.6357
182.801
402.333
384.439
434.549
97.8986
176.234
318.985
53.4186
65.3592
141.224
61.4399
495.528
149.734
207.838
99.6688
83.0246
254.261
211.409
331.396
142.814
90.3024
158.661
58.4201
70.6157
56.2879
87.3995
125.272
133.752
69.9544
115.335
134.249
246.172
123.377
54.7462
268.752
65.4037
232.699
177.123
167.069
187.563
225.056
247.105
114.273
64.063
184.901
200.491
147.249
93.6076
196.051
172.488
125.37
159.105
59.0595
185.244
67.7199
59.0942
303.589
62.1848
288.108
221.253
61.5861
96.2846
68.1196
239.445
128.24
150.061
81.3616
238.059
61.1188
170.092
291.841
251.717
65.7442
173.103
277.992
230.866
155.88
144.561
175.079
185.858
142.741
80.9367
79.2237
125.944
91.6274
267.847
64.5675
116.407
118.471
63.5518
126.927
357.033
105.546
96.051
90.7866
226.106
191.206
141.889
72.7225
151.723
101.095
102.552
320.218
189.855
145.814
110.687
275.583
56.8186
115.793
51.2396
75.7192
323.927
128.306
152.628
222.468
251.597
52.762
393.836
74.3121
290.542
163.848
304.906
115.789
95.4932
167.704
213.128
271.136
122.405
73.5315
94.1088
97.1614
172.741
49.1092
68.417
131.706
65.6987
92.4893
75.7875
126.069
104.948
255.108
73.5951
67.4643
51.3973
158.597
47.0126
90.975
159.551
184.032
103.295
145.712
142.179
339.065
316.099
100.304
77.8452
151.013
79.4235
114.603
104.208
115.086
61.3326
191.839
92.4642
171.763
96.2229
203.486
59.5467
71.086
84.5963
143.161
61.596
325.718
306.774
86.1496
100.63
119.604
218.723
92.8409
106.885
139.266
241.051
114.389
290.242
263.969
60.2879
168.462
149.043
67.2843
101.956
149.757
129.7
306.841
247.701
250.131
111.881
122.78
69.7945
76.2408
229.618
103.264
107.948
280.542
148.305
100.576
336.138
139.755
357.227
75.7374
72.1692
90.9015
135.583
42.0424
270.607
115.218
272.998
49.2979
123.106
54.3656
68.2227
113.588
64.034
121.419
176.909
164.304
148.809
87.3914
103.505
45.4948
93.8209
243.171
116.766
215.632
179.871
140.975
55.817
150.996
93.2707
103.134
85.5795
110.994
59.256
313.91
207.807
93.8695
86.4802
91.9321
59.473
137.761
208.23
364.101
46.5967
107.797
206.397
214.6
354.641
123.349
161.745
90.8266
62.5418
71.6636
52.6898
102.206
77.0522
116.052
92.0798
103.062
173.706
318.235
68.793
78.9188
96.7267
74.3147
132.662
187.482
73.032
70.2611
66.6941
291.898
131.377
129.822
79.6682
440.913
557.441
183.945
56.4769
352.072
79.6809
286.804
226.265
152.167
221.815
206.102
97.4033
104.225
326.47
173.451
96.1987
65.6886
202.522
129.442
110.049
411.107
244.226
195.69
157.257
231.301
88.7067
431.921
158.891
89.154
219.102
333.002
44.97
325.238
247.901
312.975
113.639
171.242
63.1948
153.402
307.159
94.2814
291.663
65.0537
194.402
76.2064
146.173
294.789
195.11
105.531
60.0951
239.556
106.511
183.942
132.444
98.9275
164.515
104.057
70.3539
293.58
52.3753
63.3371
64.4177
61.2896
187.077
129.759
179.363
78.3785
109
232.983
146.878
173.587
140.716
128.861
147.77
174.181
115.293
103.687
57.5034
100.285
503.78
45.597
143.685
59.7785
52.1477
210.339
244.714
126.498
314.594
118.142
248.978
145.054
302.875
204.707
194.844
92.1186
178.264
84.3202
117.149
111.363
381.897
47.8322
62.2313
147.736
305.485
293.648
151.242
98.999
226.509
92.8507
255.68
451.125
101.774
134.78
93.6587
60.4904
203.726
182.025
132.412
87.6036
147.105
379.326
101.662
247.704
98.3696
473.272
95.2075
190.698
317.051
370.493
94.5715
142.954
83.0041
83.1752
59.2766
61.3533
67.9066
91.3607
111.712
328.054
279.367
139.108
187.36
184.204
92.4043
356.893
49.0424
309.866
46.0107
70.0543
64.4642
78.2849
118.366
128.783
92.9836
73.1111
311.724
68.005
90.7655
89.8824
171.666
77.0951
180.025
78.5601
104.168
102.548
131.331
88.527
94.02
134.282
243.976
99.8206
209.132
122.393
52.4061
161.582
57.5987
79.277
112.371
86.1205
283.286
81.027
60.7422
97.7991
48.4461
359.308
120.272
220.597
186.63
175.504
67.2256
138.365
124.255
249.156
53.3861
232.699
139.968
328.343
86.2123
69.4788
61.8749
152.004
94.7625
186.462
60.7583
263.628
184.141
82.8947
129.646
269.025
371.403
558.815
99.4225
109.777
75.047
146.427
250.957
216.596
281.569
71.7161
243.377
117.871
113.212
173.823
88.6452
106.577
98.2919
205.286
412.968
100.452
212.737
184.455
55.389
312.095
94.3975
62.0388
384.164
137.709
369.132
63.5947
139.031
117.513
117.444
483.231
90.5805
174.425
234.835
255.558
211.009
85.0161
104.078
101.101
67.3718
211.285
311.55
102.674
298.604
98.6739
409.441
80.8382
92.1216
179.188
81.3472
66.6602
203.672
59.8229
187.148
359.015
137.84
116.867
470.698
187.512
230.099
77.2029
114.617
261.457
231.588
77.5059
285.405
214.626
51.3722
119.483
125.689
319.711
274.306
229.28
83.0013
130.664
98.0842
293.662
99.8344
113.118
182.839
327.24
197.103
123.569
257.912
47.2797
106.12
577.714
227.585
161.874
324.27
93.4178
92.4297
85.9859
132.505
91.3413
148.667
322.656
237.973
270.106
185.151
179.621
208.004
100.96
311.653
237.594
86.0145
96.6463
98.0682
128.557
54.573
123.503
78.3234
259.704
105.499
76.5245
67.5426
99.2817
193.022
177.03
177.169
223.472
103.866
131.005
127.895
102.67
168.253
300.162
154.419
81.7726
142.119
151.925
76.4452
218.415
199.894
134.874
266.611
57.5724
263.553
217.076
238.348
52.0481
150.66
126.079
133.629
132.62
260.648
166.821
96.8795
111.355
89.9639
106.495
257.53
273.064
246.027
88.3269
48.6693
145.626
224.772
154.863
103.442
192.718
389.952
61.0265
260.385
145.596
189.402
57.4665
58.0324
76.7627
203.453
67.6867
256.922
88.8631
289.834
231.039
93.4879
127.091
331.396
122.219
111.661
65.3277
243.296
67.4049
74.6882
62.7991
404.118
321.409
290.902
160.705
139.28
488.944
266.417
48.1086
60.001
208.029
346.537
187.195
502.421
147.765
102.3
163.505
191.206
96.2761
195.206
43.3402
87.767
157.811
242.208
222.674
183.141
65.2475
123.371
55.3786
121.125
297.968
247.68
68.5764
86.3602
329.805
58.3099
261.833
500.662
192.409
107.751
285.562
129.364
210.579
139.084
97.3474
204.806
222.458
309.48
352.111
258.077
61.0875
50.4523
315.746
256.716
190.502
127.742
104.477
143.794
140.243
121.397
55.7486
274.058
218.495
348.505
88.944
65.7846
277.066
301
191.104
87.1524
113.561
111.984
286.939
304.665
73.0979
122.715
160.634
125.015
157.6
111.146
356.842
140.824
113.317
205.871
158.236
73.8068
77.993
204.39
225.475
234.472
288.641
271.84
90.5877
93.4234
122.186
100.809
138.612
227.802
176.757
58.5739
93.1328
251.27
302.981
114.263
138.198
57.2282
100.067
207.065
302.095
201.681
121.394
168.299
63.3977
116.897
110.342
108.921
129.902
86.1954
64.5077
226.908
62.3085
223.026
97.866
93.4939
91.9625
163.903
145.642
155.191
277.378
148.279
91.3513
114.417
107.146
146.601
221.914
145.365
205.12
57.8674
154.789
97.5814
87.4593
54.3391
174.888
202.728
82.7629
197.661
307.807
75.2447
127.219
122.8
85.1579
269.621
168.228
82.0109
317.659
110.273
366.456
186.912
151.144
170.446
62.7519
366.05
228.595
54.4835
116.868
251.937
186.56
405.245
216.48
96.2233
145.293
240.319
92.9473
98.5656
73.7846
124.265
130.893
91.6215
120.876
210.165
128.708
157.171
83.0742
65.8271
298.229
119.736
42.5013
91.8561
86.3845
52.9312
212.952
202.679
113.734
288.203
268.576
164.083
67.8305
77.1897
172.953
62.8833
201.247
113.644
244.442
75.4103
264.701
342.782
58.9902
68.1894
217.252
132.844
85.7413
193.527
159.626
149.806
61.5129
317.83
61.4902
226.527
108.566
122.245
134.618
176.271
300.352
134.473
62.7988
116.104
296.904
94.1344
103.038
105.477
172.455
140.066
257.65
236.207
266.591
251.045
80.0081
71.251
195.806
161.757
79.9383
47.8518
110.473
116.992
161.376
71.4701
82.4516
126.013
97.2085
75.201
177.693
173.269
225.892
89.2097
62.2836
254.455
131.427
120.918
90.9536
402.459
122.975
381.665
133.457
136.379
148.436
90.1156
94.2901
56.7876
170.61
108.981
200.577
222.89
190.968
189.86
157.329
345.397
73.2769
113.299
88.5846
189.952
151.745
163.728
70.2062
425.894
357.93
306.189
124.55
94.6397
299.684
70.0762
298.929
127.495
240.706
149.969
81.9903
56.1345
94.3804
135.022
104.935
287.99
238.173
685.649
143.415
82.9779
62.2275
105.665
105.257
290.655
125.458
269.875
50.7083
255.48
210.969
106.488
55.6141
63.9991
205.75
116.868
38.3826
67.6765
145.04
306.298
82.2511
217.35
231.062
95.3998
181.789
115.818
126.195
134.565
44.9762
329.033
49.9971
92.3366
78.5896
61.0564
96.9506
97.4921
352.933
51.7802
109.912
271.119
61.1956
165.932
150.301
403.274
248.43
121.445
202.745
174.046
117.74
67.2346
97.4617
110.405
111.448
190.45
154.922
53.4626
85.4007
177.931
283.789
55.3453
249.708
286.308
109.792
56.2696
212.304
125.315
57.7616
227.155
377.995
129.402
143.56
141.757
400.318
171.971
114.263
132.576
110.373
178.966
134.688
164.82
85.0517
247.76
121.246
78.6813
72.8672
395.076
512.031
245.846
136.233
95.7275
66.2852
118.369
92.3888
209.174
386.763
124.681
78.2728
117.223
106.867
254.504
229.64
193.821
196.117
230.296
85.2421
98.2883
119.844
251.613
112.46
108.7
120.792
293.458
106.944
285.95
164.501
102.309
203.877
169.115
149.583
348.428
118.218
68.0464
148.117
87.01
493.213
135.039
86.3061
72.4558
178.377
334.716
75.8785
352.894
107.37
356.687
208.538
138.749
133.976
242.138
543.307
125.609
166.502
128.16
149.055
236.715
84.9411
75.9114
155.882
52.6969
209.832
79.7836
149.693
69.7882
96.6175
113.669
118.199
91.3762
134.318
99.7888
164.308
255.38
71.7648
74.6987
118.246
63.245
359.083
101.111
145.571
265.809
373.073
314.862
141.454
115.954
276.248
56.5951
209.775
108.438
316.968
150.247
132.704
181.265
249.694
60.4408
65.8025
96.649
93.6043
360.723
73.5865
80.1002
238.567
85.7214
171.624
239.996
380.804
250.778
261.052
372.891
356.472
89.6979
134.723
103.86
127.391
164.967
84.3275
164.071
46.9864
182.184
161.836
42.9545
130.055
146.898
168.503
76.4532
126.219
155.13
83.6014
199.277
180.297
325.181
136.895
226.075
77.9115
164.424
161.785
218.606
53.544
94.1944
182.956
219.468
287.195
205.659
84.3888
154.196
62.1705
197.789
123.594
219.763
95.2753
181.071
65.4836
184.482
97.4962
152.37
103.498
258.233
195.236
312.033
97.5238
64.3708
170.943
168.612
68.1442
86.9947
143.481
156.562
226.328
57.0598
145.581
213.751
53.2363
118.055
112.199
61.4659
53.7023
151.337
181.22
171.668
63.8245
85.0641
67.907
206.263
233.887
78.9035
173.943
97.259
274.419
114.898
230.576
367.436
229.318
144.842
179.309
72.3244
196.805
123.59
58.243
57.91
51.1961
199.165
65.7567
69.5475
100.67
178.516
160.368
114.699
252.619
40.666
59.2841
422.298
214.972
92.3635
245.592
92.9933
412.495
268.867
305.836
319.195
351.05
280.165
199.226
315.731
238.252
213.219
56.2994
130.538
244.98
120.181
111.377
254.321
101.102
240.13
279.565
133.341
565.321
75.8481
110.819
116.764
72.0891
86.6538
261.373
97.8147
77.8339
213.591
99.949
197.252
120.811
214.92
198.623
227.656
64.4756
167.113
251.22
140.619
101.772
278.183
90.0026
91.7383
85.8097
50.5199
134.019
115.495
154.351
382.569
183.674
151.446
136.61
67.5724
81.1742
193.179
135.848
292.108
125.602
537.138
171.43
102.133
166.676
225.111
59.0833
70.2909
72.5576
178.575
226.237
105.447
310.868
190.363
272.059
86.7805
92.7753
142.788
328.357
152.467
308.733
188.52
56.5877
64.6678
60.4252
107.74
213.31
321.867
104.897
180.628
94.3026
342.057
189.357
84.9058
48.4307
243.034
218.518
143.291
130.132
112.216
186.942
264.342
207.021
109.537
75.5914
223.175
278.576
205.745
162.989
114.075
217.564
82.5835
63.2005
357.235
316.714
142.587
341.583
141.8
77.3369
140.795
118.852
60.3985
185.105
159.658
144.402
40.165
137.059
96.9834
157.612
124.25
71.8558
180.897
90.3583
65.5722
401.604
78.1441
116.924
53.3118
106.996
194.474
262.236
171.713
199.4
364.909
112.354
521.83
182.668
200.757
120.576
269.811
267.408
142.012
79.363
108.083
100.816
197.978
90.9338
50.8836
150.281
90.8108
108.29
333.381
95.4196
316.389
169.668
64.9025
407.32
139.768
44.6762
74.1098
150.524
183.195
63.9482
111.939
120.537
103.961
196.326
255.037
95.0165
60.0618
111.253
109.76
168.632
116.897
128.054
64.4964
180.518
291.481
94.8604
270.617
166.668
407.146
178.348
384.58
170.753
79.5302
255.899
120.462
116.28
112.855
52.296
91.7814
60.0608
246.441
186.742
271.712
88.536
143.584
105.751
141.32
225.675
306.143
88.6425
362.514
103.36
298.833
202.829
275.003
315.423
398.678
67.5526
133.427
467.643
100.144
207.839
132.327
108.22
290.855
45.241
176.021
168.661
329.405
112.866
103.541
96.372
180.032
184.815
135.328
62.5649
158.351
57.8754
169.571
316.099
163.115
338.117
286.223
71.9398
102.156
86.6743
333.89
288.007
92.8161
106.198
200.169
81.5667
103.974
205.683
429.548
47.688
62.5636
92.9005
100.08
186.282
68.645
285.79
57.5346
69.5039
78.5161
216.799
590.023
128.376
60.3963
84.3079
170.883
234.993
65.0596
144.227
110.664
313.532
55.9168
344.967
146.137
174.498
128.825
63.2252
48.3261
109.564
77.0238
182.54
218.969
221.381
189.095
285.838
58.4733
195.087
162.187
129.469
273.89
95.6453
219.017
74.5942
40.8678
103.502
220.291
186.116
152.743
63.2849
485.28
319.768
70.0212
146.684
185.349
391.218
92.458
86.0326
213.93
76.6634
143.729
93.9014
187.265
310.295
321.636
88.3195
68.0515
448.956
110.237
90.0462
105.04
191.489
47.6125
250.913
267.064
135.753
144.499
237.022
164.223
338.559
97.2946
248.46
237.034
345.186
55.0221
245.622
381.169
81.5026
277.444
316.97
166.705
227.015
186.553
230.791
298.379
69.3095
153.147
115.694
96.1135
298.538
177.156
101.926
102.65
134.484
188.456
98.1422
81.5107
192.191
162.46
96.9801
163.314
311.106
168.367
196.853
260.361
84.6215
121.928
241.451
61.1505
73.6633
323.646
131.459
163.445
280.658
285.451
94.6059
482.11
58.6882
61.2807
163.899
142.795
87.8237
95.1819
56.9919
53.1434
79.6552
318.271
56.4754
189.473
230.258
198.687
243.592
195.215
65.0566
114.586
144.689
189.024
176.104
154.014
93.3293
72.1316
227.499
144.313
138.911
46.0808
136.404
50.6854
170.294
554.606
223.755
255.356
51.3771
182.593
62.7475
95.2646
90.9177
295.086
268.194
65.5377
172.638
305.673
282.426
116.188
104.26
60.1586
141.821
229.865
157.525
296.115
161.089
335.226
66.2625
224.748
78.0064
239.652
74.4409
297.381
106.123
403.102
59.9364
131.85
118.293
179.039
353.612
83.1268
82.2782
57.5172
266.724
319.369
170.152
200.26
114.503
150.806
91.5567
108.021
180.15
84.6028
154.199
113.396
69.5941
162.17
236.813
407.209
94.8213
57.5686
95.535
256.847
208.985
294.203
102.904
343.837
161.877
178.849
218.367
100.569
102.022
150.917
208.547
238.342
94.358
209.341
292.632
225.651
167.166
112.224
99.112
115.436
147.219
450.474
57.7557
187.524
154.066
173.204
334.656
79.6451
68.6667
296.491
162.143
189.69
117.302
95.727
252.315
188.191
61.2695
147.65
119.365
117.182
296.14
71.0955
226.535
188.312
167.102
209.143
187.093
268.336
290.994
230.464
348.201
275.6
310.962
68.5921
54.8716
128.843
88.3173
143.235
156.419
199.213
167.527
302.188
96.5983
142.939
54.918
352.179
189.413
141.494
421.084
91.8513
77.4843
235.725
52.1453
165.501
177.579
322.202
110.474
80.138
59.8373
316
49.8471
287.36
222.998
96.7379
230.917
109.006
73.8116
246.736
59.5556
125.904
102.423
55.53
114.992
183.431
355.99
106.901
101.791
137.661
98.4324
146.251
172.231
241.696
100.042
62.244
286.999
59.1758
211.09
391.394
106.029
87.3948
271.57
282.915
47.1102
117.009
193.402
417.844
279.584
83.8463
86.9737
96.2978
230.838
97.9446
327.051
117.742
115.392
122.228
362.804
113.901
71.3413
144.164
139.969
367.119
213.744
379.408
129.08
127.587
67.369
237.838
96.6075
98.5416
165.407
53.4968
94.9223
207.357
55.7469
362.378
74.0288
95.5721
94.3672
421.774
98.6145
566.559
213.833
220.374
114.172
177.22
178.078
81.5669
160.025
52.0146
69.7313
110.253
151.97
310.722
131.569
86.678
148.582
109.125
73.2725
239.137
64.9311
338.616
68.6965
78.6103
110.917
311.762
67.8079
180.427
158.336
58.2675
85.6342
58.5473
191.772
137.24
134.396
482.455
94.453
154.47
176.238
47.0074
107.537
61.0522
55.0683
146.781
87.5437
114.489
281.155
137.779
78.5696
364.891
80.4372
105.204
614.75
264.072
180.65
261.333
223.507
234.245
67.5524
61.6949
255.39
131.106
120.249
68.4263
99.198
64.4326
144.006
119.906
332.308
190.411
218.089
117.939
158.411
64.948
77.2344
114.068
151.987
93.4899
198.077
93.287
198.334
211.901
59.8798
267.431
111.955
108.028
66.5976
123.708
325.275
173.483
348.849
76.9969
43.1752
170.752
56.8052
100.027
380.035
86.0757
264.084
295.321
130.265
57.0627
114.703
172.527
112.287
296.731
350.573
197.09
96.6431
231.331
117.174
295.677
175.75
63.4393
64.9767
87.9533
380.437
66.7799
169.804
250.226
84.6042
225.737
158.375
91.1948
95.4915
120.829
74.4519
120.647
97.8455
164.296
146.358
118.661
111.799
373.669
139.366
113.562
372.419
54.084
417.304
161.59
239.635
55.4342
329.266
322.509
158.637
180.425
184.079
55.7205
148.929
251.282
77.8083
74.2484
109.863
53.03
94.016
72.2202
137.737
297.688
152.462
267.275
196
180.614
77.3101
323.309
84.8429
107.007
164.665
62.6855
105.754
74.3644
98.3857
332.207
82.4037
63.6527
76.5066
293.326
238.401
69.6997
142.364
91.7876
150.47
155.027
67.8257
213.713
144.806
109.937
205.56
68.971
219.007
132.581
99.6024
228.408
176.425
93.3538
259.202
70.1199
146.026
279.577
276.847
151.638
168.345
74.1423
463.123
212.003
262.981
187.136
56.6848
387.834
201.527
271.167
391.171
147.732
206.688
236.946
143.089
284.092
122.443
101.321
490.424
295.061
61.3326
123.063
100.756
183.099
112.297
114.903
90.064
82.3803
63.5203
254.917
140.63
53.4308
217.554
66.7248
306.4
247.791
75.4577
117.845
68.5255
193.653
84.7213
256.831
95.3808
164.459
121.471
108.993
407.639
98.2296
133.697
264.851
289.24
265.418
187.317
99.8199
518.59
172.696
115.884
297.758
98.9334
60.356
125.761
80.9865
169.915
356.398
97.3974
294.396
99.8747
128.983
239.182
97.3975
336.638
105.538
103.171
59.1266
236.234
174.605
352.361
352.532
273.351
96.745
245.556
91.3874
197.954
99.394
121.65
357.838
109.388
184.423
164.767
359.822
247.983
111.09
101.575
110.487
213.325
193.331
88.8056
268.149
297.112
86.1942
151.84
45.9526
136.884
56.788
69.629
77.709
107.349
116.241
121.979
72.0642
81.863
187.067
123.444
98.6883
68.9127
97.7611
87.0739
212.019
264.391
279.815
289.328
63.4245
122.603
183.124
142.118
69.35
293.018
63.0085
74.709
148.999
59.4631
190.454
83.3196
48.5038
134.995
223.45
86.3013
165.321
160.167
89.7044
99.722
343.991
281.218
92.5402
121.503
144.218
212.807
266.653
93.0787
91.3819
123.083
106.713
97.365
384.332
57.935
122.216
162.71
68.2918
66.8874
50.9287
161.962
117.963
165.388
152.324
436.553
116.791
51.6008
105.643
284.983
201.281
279.699
135.349
57.7345
84.4192
108.147
56.4702
198.952
188.784
139.861
139.036
109.91
202.034
185.388
234.523
66.9033
144.495
193.859
139.705
114.084
109.875
153.809
161.479
72.4757
141.927
89.5226
66.8387
312.928
340.337
152.691
324.168
175.539
258.095
398.32
189.302
162.246
110.895
65.3443
183.421
111.341
394.156
366.185
179.341
76.9297
61.7007
50.0288
66.69
83.6178
234.88
101.814
174.248
113.042
55.9545
379.525
292.618
338.765
60.6812
139.51
108.009
285.735
172.944
101.407
186.37
185.731
66.6091
154.813
46.8867
151.323
96.3289
210.786
150.523
73.3122
157.392
146.673
156.996
80.298
115.74
202.087
87.7586
149.41
131.262
100.533
183.777
342.881
147.167
112.021
53.6367
247.987
264.936
49.0912
153.862
93.9291
90.9473
115.243
275.921
133.292
141.233
222.197
72.8216
60.8313
48.27
84.0299
85.8334
290.414
87.4189
94.8333
149.194
80.2383
410.558
254.909
197.147
105.186
98.5544
317.022
160.531
59.5728
82.2273
457.85
137.315
120.207
140.284
188.909
